Determining if the pthread_create exist failed with the following output:
Change Dir: /home/users/daniela26/HPC/Segundo Parcial/CMakeFiles/CMakeTmp

Run Build Command:"/usr/bin/make" "cmTC_f27f5/fast"
/usr/bin/make -f CMakeFiles/cmTC_f27f5.dir/build.make CMakeFiles/cmTC_f27f5.dir/build
make[1]: Entering directory '/home/users/daniela26/HPC/Segundo Parcial/CMakeFiles/CMakeTmp'
Building C object CMakeFiles/cmTC_f27f5.dir/CheckSymbolExists.c.o
/usr/bin/cc    -fPIC    -o CMakeFiles/cmTC_f27f5.dir/CheckSymbolExists.c.o   -c "/home/users/daniela26/HPC/Segundo Parcial/CMakeFiles/CMakeTmp/CheckSymbolExists.c"
Linking C executable cmTC_f27f5
/usr/bin/cmake -E cmake_link_script CMakeFiles/cmTC_f27f5.dir/link.txt --verbose=1
/usr/bin/cc  -fPIC     CMakeFiles/cmTC_f27f5.dir/CheckSymbolExists.c.o  -o cmTC_f27f5 -rdynamic 
CMakeFiles/cmTC_f27f5.dir/CheckSymbolExists.c.o: In function `main':
CheckSymbolExists.c:(.text+0x1b): undefined reference to `pthread_create'
collect2: error: ld returned 1 exit status
CMakeFiles/cmTC_f27f5.dir/build.make:97: recipe for target 'cmTC_f27f5' failed
make[1]: *** [cmTC_f27f5] Error 1
make[1]: Leaving directory '/home/users/daniela26/HPC/Segundo Parcial/CMakeFiles/CMakeTmp'
Makefile:126: recipe for target 'cmTC_f27f5/fast' failed
make: *** [cmTC_f27f5/fast] Error 2

File /home/users/daniela26/HPC/Segundo Parcial/CMakeFiles/CMakeTmp/CheckSymbolExists.c:
/* */
#include <pthread.h>

int main(int argc, char** argv)
{
  (void)argv;
#ifndef pthread_create
  return ((int*)(&pthread_create))[argc];
#else
  (void)argc;
  return 0;
#endif
}

Determining if the function pthread_create exists in the pthreads failed with the following output:
Change Dir: /home/users/daniela26/HPC/Segundo Parcial/CMakeFiles/CMakeTmp

Run Build Command:"/usr/bin/make" "cmTC_eb351/fast"
/usr/bin/make -f CMakeFiles/cmTC_eb351.dir/build.make CMakeFiles/cmTC_eb351.dir/build
make[1]: Entering directory '/home/users/daniela26/HPC/Segundo Parcial/CMakeFiles/CMakeTmp'
Building C object CMakeFiles/cmTC_eb351.dir/CheckFunctionExists.c.o
/usr/bin/cc    -fPIC -DCHECK_FUNCTION_EXISTS=pthread_create   -o CMakeFiles/cmTC_eb351.dir/CheckFunctionExists.c.o   -c /usr/share/cmake-3.5/Modules/CheckFunctionExists.c
Linking C executable cmTC_eb351
/usr/bin/cmake -E cmake_link_script CMakeFiles/cmTC_eb351.dir/link.txt --verbose=1
/usr/bin/cc  -fPIC -DCHECK_FUNCTION_EXISTS=pthread_create    CMakeFiles/cmTC_eb351.dir/CheckFunctionExists.c.o  -o cmTC_eb351 -rdynamic -lpthreads 
/usr/bin/ld: cannot find -lpthreads
collect2: error: ld returned 1 exit status
CMakeFiles/cmTC_eb351.dir/build.make:97: recipe for target 'cmTC_eb351' failed
make[1]: *** [cmTC_eb351] Error 1
make[1]: Leaving directory '/home/users/daniela26/HPC/Segundo Parcial/CMakeFiles/CMakeTmp'
Makefile:126: recipe for target 'cmTC_eb351/fast' failed
make: *** [cmTC_eb351/fast] Error 2


Determining if the pthread_create exist failed with the following output:
Change Dir: /home/users/daniela26/HPC/Segundo Parcial/CMakeFiles/CMakeTmp

Run Build Command:"/usr/bin/make" "cmTC_62464/fast"
/usr/bin/make -f CMakeFiles/cmTC_62464.dir/build.make CMakeFiles/cmTC_62464.dir/build
make[1]: Entering directory '/home/users/daniela26/HPC/Segundo Parcial/CMakeFiles/CMakeTmp'
Building C object CMakeFiles/cmTC_62464.dir/CheckSymbolExists.c.o
/usr/bin/cc    -fPIC    -o CMakeFiles/cmTC_62464.dir/CheckSymbolExists.c.o   -c "/home/users/daniela26/HPC/Segundo Parcial/CMakeFiles/CMakeTmp/CheckSymbolExists.c"
Linking C executable cmTC_62464
/usr/bin/cmake -E cmake_link_script CMakeFiles/cmTC_62464.dir/link.txt --verbose=1
/usr/bin/cc  -fPIC     CMakeFiles/cmTC_62464.dir/CheckSymbolExists.c.o  -o cmTC_62464 -rdynamic 
CMakeFiles/cmTC_62464.dir/CheckSymbolExists.c.o: In function `main':
CheckSymbolExists.c:(.text+0x1b): undefined reference to `pthread_create'
collect2: error: ld returned 1 exit status
CMakeFiles/cmTC_62464.dir/build.make:97: recipe for target 'cmTC_62464' failed
make[1]: *** [cmTC_62464] Error 1
make[1]: Leaving directory '/home/users/daniela26/HPC/Segundo Parcial/CMakeFiles/CMakeTmp'
Makefile:126: recipe for target 'cmTC_62464/fast' failed
make: *** [cmTC_62464/fast] Error 2

File /home/users/daniela26/HPC/Segundo Parcial/CMakeFiles/CMakeTmp/CheckSymbolExists.c:
/* */
#include <pthread.h>

int main(int argc, char** argv)
{
  (void)argv;
#ifndef pthread_create
  return ((int*)(&pthread_create))[argc];
#else
  (void)argc;
  return 0;
#endif
}

Determining if the function pthread_create exists in the pthreads failed with the following output:
Change Dir: /home/users/daniela26/HPC/Segundo Parcial/CMakeFiles/CMakeTmp

Run Build Command:"/usr/bin/make" "cmTC_382e4/fast"
/usr/bin/make -f CMakeFiles/cmTC_382e4.dir/build.make CMakeFiles/cmTC_382e4.dir/build
make[1]: Entering directory '/home/users/daniela26/HPC/Segundo Parcial/CMakeFiles/CMakeTmp'
Building C object CMakeFiles/cmTC_382e4.dir/CheckFunctionExists.c.o
/usr/bin/cc    -fPIC -DCHECK_FUNCTION_EXISTS=pthread_create   -o CMakeFiles/cmTC_382e4.dir/CheckFunctionExists.c.o   -c /usr/share/cmake-3.5/Modules/CheckFunctionExists.c
Linking C executable cmTC_382e4
/usr/bin/cmake -E cmake_link_script CMakeFiles/cmTC_382e4.dir/link.txt --verbose=1
/usr/bin/cc  -fPIC -DCHECK_FUNCTION_EXISTS=pthread_create    CMakeFiles/cmTC_382e4.dir/CheckFunctionExists.c.o  -o cmTC_382e4 -rdynamic -lpthreads 
/usr/bin/ld: cannot find -lpthreads
collect2: error: ld returned 1 exit status
CMakeFiles/cmTC_382e4.dir/build.make:97: recipe for target 'cmTC_382e4' failed
make[1]: *** [cmTC_382e4] Error 1
make[1]: Leaving directory '/home/users/daniela26/HPC/Segundo Parcial/CMakeFiles/CMakeTmp'
Makefile:126: recipe for target 'cmTC_382e4/fast' failed
make: *** [cmTC_382e4/fast] Error 2


